<?xml version="1.0" encoding="UTF-8"?>
<!-- Generated by org.testng.reporters.JUnitXMLReporter -->
<testsuite ignored="0" hostname="cucumber" failures="2" tests="9" name="TestFrame" time="32.961" errors="0" timestamp="2024-02-20T22:18:33 EST">
  <testcase classname="com.salesforce.base.SalesforceBaseTest" name="@AfterMethod tearDownAfterTestMethod" time="0.121">
    <failure type="org.openqa.selenium.NoSuchWindowException" message="no such window: target window already closed
from unknown error: web view not found
  (Session info: chrome=121.0.6167.185)
Build info: version: &amp;apos;3.141.59&amp;apos;, revision: &amp;apos;e82be7d358&amp;apos;, time: &amp;apos;2018-11-14T08:17:03&amp;apos;
System info: host: &amp;apos;CUCUMBER&amp;apos;, ip: &amp;apos;192.168.1.45&amp;apos;, os.name: &amp;apos;Windows 11&amp;apos;, os.arch: &amp;apos;amd64&amp;apos;, os.version: &amp;apos;10.0&amp;apos;, java.version: &amp;apos;11.0.20&amp;apos;
Driver info: org.openqa.selenium.chrome.ChromeDriver
Capabilities {acceptInsecureCerts: false, browserName: chrome, browserVersion: 121.0.6167.185, chrome: {chromedriverVersion: 121.0.6167.184 (057a8ae7deb..., userDataDir: C:\Users\manop\AppData\Loca...}, fedcm:accounts: true, goog:chromeOptions: {debuggerAddress: localhost:51283}, javascriptEnabled: true, networkConnectionEnabled: false, pageLoadStrategy: normal, platform: WINDOWS, platformName: WINDOWS, proxy: Proxy(), setWindowRect: true, strictFileInteractability: false, timeouts: {implicit: 0, pageLoad: 300000, script: 30000}, unhandledPromptBehavior: dismiss and notify, webauthn:extension:credBlob: true, webauthn:extension:largeBlob: true, webauthn:extension:minPinLength: true, webauthn:extension:prf: true, webauthn:virtualAuthenticators: true}
Session ID: dec0371662dbf4c9b3e1351f3efe8a32">
      <![CDATA[org.openqa.selenium.NoSuchWindowException: no such window: target window already closed
from unknown error: web view not found
  (Session info: chrome=121.0.6167.185)
Build info: version: '3.141.59', revision: 'e82be7d358', time: '2018-11-14T08:17:03'
System info: host: 'CUCUMBER', ip: '192.168.1.45', os.name: 'Windows 11', os.arch: 'amd64', os.version: '10.0', java.version: '11.0.20'
Driver info: org.openqa.selenium.chrome.ChromeDriver
Capabilities {acceptInsecureCerts: false, browserName: chrome, browserVersion: 121.0.6167.185, chrome: {chromedriverVersion: 121.0.6167.184 (057a8ae7deb..., userDataDir: C:\Users\manop\AppData\Loca...}, fedcm:accounts: true, goog:chromeOptions: {debuggerAddress: localhost:51283}, javascriptEnabled: true, networkConnectionEnabled: false, pageLoadStrategy: normal, platform: WINDOWS, platformName: WINDOWS, proxy: Proxy(), setWindowRect: true, strictFileInteractability: false, timeouts: {implicit: 0, pageLoad: 300000, script: 30000}, unhandledPromptBehavior: dismiss and notify, webauthn:extension:credBlob: true, webauthn:extension:largeBlob: true, webauthn:extension:minPinLength: true, webauthn:extension:prf: true, webauthn:virtualAuthenticators: true}
Session ID: dec0371662dbf4c9b3e1351f3efe8a32
at org.openqa.selenium.remote.http.W3CHttpResponseCodec.createException(W3CHttpResponseCodec.java:187)
at org.openqa.selenium.remote.http.W3CHttpResponseCodec.decode(W3CHttpResponseCodec.java:122)
at org.openqa.selenium.remote.http.W3CHttpResponseCodec.decode(W3CHttpResponseCodec.java:49)
at org.openqa.selenium.remote.HttpCommandExecutor.execute(HttpCommandExecutor.java:158)
at org.openqa.selenium.remote.service.DriverCommandExecutor.execute(DriverCommandExecutor.java:83)
at org.openqa.selenium.remote.RemoteWebDriver.execute(RemoteWebDriver.java:552)
at org.openqa.selenium.remote.RemoteWebDriver.execute(RemoteWebDriver.java:609)
at org.openqa.selenium.remote.RemoteWebDriver.close(RemoteWebDriver.java:442)
at com.salesforce.base.SalesforceBaseTest.closeBrowser(SalesforceBaseTest.java:109)
at com.salesforce.base.SalesforceBaseTest.tearDownAfterTestMethod(SalesforceBaseTest.java:53)
at java.base/java.util.ArrayList.forEach(ArrayList.java:1541)
... Removed 36 stack frames]]>
    </failure>
  </testcase> <!-- @AfterMethod tearDownAfterTestMethod -->
  <testcase classname="com.salesforce.base.SalesforceBaseTest" name="@BeforeMethod setUpBeforeMethod" time="0.0">
    <skipped/>
  </testcase> <!-- @BeforeMethod setUpBeforeMethod -->
  <testcase classname="com.salesforce.base.SalesforceBaseTest" name="@AfterMethod tearDownAfterTestMethod" time="0.0">
    <skipped/>
  </testcase> <!-- @AfterMethod tearDownAfterTestMethod -->
  <testcase classname="com.salesforce.base.SalesforceBaseTest" name="@BeforeMethod setUpBeforeMethod" time="0.0">
    <skipped/>
  </testcase> <!-- @BeforeMethod setUpBeforeMethod -->
  <testcase classname="com.salesforce.base.SalesforceBaseTest" name="@AfterMethod tearDownAfterTestMethod" time="0.0">
    <skipped/>
  </testcase> <!-- @AfterMethod tearDownAfterTestMethod -->
  <testcase classname="com.salesforce.base.SalesforceBaseTest" name="@BeforeMethod setUpBeforeMethod" time="0.0">
    <skipped/>
  </testcase> <!-- @BeforeMethod setUpBeforeMethod -->
  <testcase classname="com.salesforce.base.SalesforceBaseTest" name="@AfterMethod tearDownAfterTestMethod" time="0.0">
    <skipped/>
  </testcase> <!-- @AfterMethod tearDownAfterTestMethod -->
  <testcase classname="com.salesforce.base.SalesforceBaseTest" name="@AfterMethod tearDownAfterTestMethod" time="0.059">
    <failure type="org.openqa.selenium.NoSuchWindowException" message="no such window: target window already closed
from unknown error: web view not found
  (Session info: chrome=121.0.6167.185)
Build info: version: &amp;apos;3.141.59&amp;apos;, revision: &amp;apos;e82be7d358&amp;apos;, time: &amp;apos;2018-11-14T08:17:03&amp;apos;
System info: host: &amp;apos;CUCUMBER&amp;apos;, ip: &amp;apos;192.168.1.45&amp;apos;, os.name: &amp;apos;Windows 11&amp;apos;, os.arch: &amp;apos;amd64&amp;apos;, os.version: &amp;apos;10.0&amp;apos;, java.version: &amp;apos;11.0.20&amp;apos;
Driver info: org.openqa.selenium.chrome.ChromeDriver
Capabilities {acceptInsecureCerts: false, browserName: chrome, browserVersion: 121.0.6167.185, chrome: {chromedriverVersion: 121.0.6167.184 (057a8ae7deb..., userDataDir: C:\Users\manop\AppData\Loca...}, fedcm:accounts: true, goog:chromeOptions: {debuggerAddress: localhost:51317}, javascriptEnabled: true, networkConnectionEnabled: false, pageLoadStrategy: normal, platform: WINDOWS, platformName: WINDOWS, proxy: Proxy(), setWindowRect: true, strictFileInteractability: false, timeouts: {implicit: 0, pageLoad: 300000, script: 30000}, unhandledPromptBehavior: dismiss and notify, webauthn:extension:credBlob: true, webauthn:extension:largeBlob: true, webauthn:extension:minPinLength: true, webauthn:extension:prf: true, webauthn:virtualAuthenticators: true}
Session ID: d3d08f74f275d6d8d8aa2477340b09fd">
      <![CDATA[org.openqa.selenium.NoSuchWindowException: no such window: target window already closed
from unknown error: web view not found
  (Session info: chrome=121.0.6167.185)
Build info: version: '3.141.59', revision: 'e82be7d358', time: '2018-11-14T08:17:03'
System info: host: 'CUCUMBER', ip: '192.168.1.45', os.name: 'Windows 11', os.arch: 'amd64', os.version: '10.0', java.version: '11.0.20'
Driver info: org.openqa.selenium.chrome.ChromeDriver
Capabilities {acceptInsecureCerts: false, browserName: chrome, browserVersion: 121.0.6167.185, chrome: {chromedriverVersion: 121.0.6167.184 (057a8ae7deb..., userDataDir: C:\Users\manop\AppData\Loca...}, fedcm:accounts: true, goog:chromeOptions: {debuggerAddress: localhost:51317}, javascriptEnabled: true, networkConnectionEnabled: false, pageLoadStrategy: normal, platform: WINDOWS, platformName: WINDOWS, proxy: Proxy(), setWindowRect: true, strictFileInteractability: false, timeouts: {implicit: 0, pageLoad: 300000, script: 30000}, unhandledPromptBehavior: dismiss and notify, webauthn:extension:credBlob: true, webauthn:extension:largeBlob: true, webauthn:extension:minPinLength: true, webauthn:extension:prf: true, webauthn:virtualAuthenticators: true}
Session ID: d3d08f74f275d6d8d8aa2477340b09fd
at org.openqa.selenium.remote.http.W3CHttpResponseCodec.createException(W3CHttpResponseCodec.java:187)
at org.openqa.selenium.remote.http.W3CHttpResponseCodec.decode(W3CHttpResponseCodec.java:122)
at org.openqa.selenium.remote.http.W3CHttpResponseCodec.decode(W3CHttpResponseCodec.java:49)
at org.openqa.selenium.remote.HttpCommandExecutor.execute(HttpCommandExecutor.java:158)
at org.openqa.selenium.remote.service.DriverCommandExecutor.execute(DriverCommandExecutor.java:83)
at org.openqa.selenium.remote.RemoteWebDriver.execute(RemoteWebDriver.java:552)
at org.openqa.selenium.remote.RemoteWebDriver.execute(RemoteWebDriver.java:609)
at org.openqa.selenium.remote.RemoteWebDriver.close(RemoteWebDriver.java:442)
at com.salesforce.base.SalesforceBaseTest.closeBrowser(SalesforceBaseTest.java:109)
at com.salesforce.base.SalesforceBaseTest.tearDownAfterTestMethod(SalesforceBaseTest.java:53)
at java.base/java.util.ArrayList.forEach(ArrayList.java:1541)
... Removed 36 stack frames]]>
    </failure>
  </testcase> <!-- @AfterMethod tearDownAfterTestMethod -->
  <testcase classname="com.salesforce.base.SalesforceBaseTest" name="@BeforeMethod setUpBeforeMethod" time="0.0">
    <skipped/>
  </testcase> <!-- @BeforeMethod setUpBeforeMethod -->
  <testcase classname="com.salesforce.base.SalesforceBaseTest" name="@AfterMethod tearDownAfterTestMethod" time="0.0">
    <skipped/>
  </testcase> <!-- @AfterMethod tearDownAfterTestMethod -->
  <testcase classname="com.salesforce.base.SalesforceBaseTest" name="@BeforeMethod setUpBeforeMethod" time="0.0">
    <skipped/>
  </testcase> <!-- @BeforeMethod setUpBeforeMethod -->
  <testcase classname="com.salesforce.base.SalesforceBaseTest" name="@AfterMethod tearDownAfterTestMethod" time="0.0">
    <skipped/>
  </testcase> <!-- @AfterMethod tearDownAfterTestMethod -->
  <testcase classname="com.salesforce.base.SalesforceBaseTest" name="@BeforeMethod setUpBeforeMethod" time="0.0">
    <skipped/>
  </testcase> <!-- @BeforeMethod setUpBeforeMethod -->
  <testcase classname="com.salesforce.base.SalesforceBaseTest" name="@AfterMethod tearDownAfterTestMethod" time="0.0">
    <skipped/>
  </testcase> <!-- @AfterMethod tearDownAfterTestMethod -->
  <testcase classname="com.salesforce.automation.scripts.LoginModule" name="CheckRemeberMe_3" time="17.73"/>
  <testcase classname="com.salesforce.automation.scripts.LoginModule" name="ForgotPassword_4A" time="1.115">
    <failure type="org.openqa.selenium.NoSuchWindowException" message="no such window: target window already closed
from unknown error: web view not found
  (Session info: chrome=121.0.6167.185)
Build info: version: &amp;apos;3.141.59&amp;apos;, revision: &amp;apos;e82be7d358&amp;apos;, time: &amp;apos;2018-11-14T08:17:03&amp;apos;
System info: host: &amp;apos;CUCUMBER&amp;apos;, ip: &amp;apos;192.168.1.45&amp;apos;, os.name: &amp;apos;Windows 11&amp;apos;, os.arch: &amp;apos;amd64&amp;apos;, os.version: &amp;apos;10.0&amp;apos;, java.version: &amp;apos;11.0.20&amp;apos;
Driver info: org.openqa.selenium.chrome.ChromeDriver
Capabilities {acceptInsecureCerts: false, browserName: chrome, browserVersion: 121.0.6167.185, chrome: {chromedriverVersion: 121.0.6167.184 (057a8ae7deb..., userDataDir: C:\Users\manop\AppData\Loca...}, fedcm:accounts: true, goog:chromeOptions: {debuggerAddress: localhost:51283}, javascriptEnabled: true, networkConnectionEnabled: false, pageLoadStrategy: normal, platform: WINDOWS, platformName: WINDOWS, proxy: Proxy(), setWindowRect: true, strictFileInteractability: false, timeouts: {implicit: 0, pageLoad: 300000, script: 30000}, unhandledPromptBehavior: dismiss and notify, webauthn:extension:credBlob: true, webauthn:extension:largeBlob: true, webauthn:extension:minPinLength: true, webauthn:extension:prf: true, webauthn:virtualAuthenticators: true}
Session ID: dec0371662dbf4c9b3e1351f3efe8a32
*** Element info: {Using=xpath, value=//h1[text()=&amp;apos;Forgot Your Password&amp;apos;]}">
      <![CDATA[org.openqa.selenium.NoSuchWindowException: no such window: target window already closed
from unknown error: web view not found
  (Session info: chrome=121.0.6167.185)
Build info: version: '3.141.59', revision: 'e82be7d358', time: '2018-11-14T08:17:03'
System info: host: 'CUCUMBER', ip: '192.168.1.45', os.name: 'Windows 11', os.arch: 'amd64', os.version: '10.0', java.version: '11.0.20'
Driver info: org.openqa.selenium.chrome.ChromeDriver
Capabilities {acceptInsecureCerts: false, browserName: chrome, browserVersion: 121.0.6167.185, chrome: {chromedriverVersion: 121.0.6167.184 (057a8ae7deb..., userDataDir: C:\Users\manop\AppData\Loca...}, fedcm:accounts: true, goog:chromeOptions: {debuggerAddress: localhost:51283}, javascriptEnabled: true, networkConnectionEnabled: false, pageLoadStrategy: normal, platform: WINDOWS, platformName: WINDOWS, proxy: Proxy(), setWindowRect: true, strictFileInteractability: false, timeouts: {implicit: 0, pageLoad: 300000, script: 30000}, unhandledPromptBehavior: dismiss and notify, webauthn:extension:credBlob: true, webauthn:extension:largeBlob: true, webauthn:extension:minPinLength: true, webauthn:extension:prf: true, webauthn:virtualAuthenticators: true}
Session ID: dec0371662dbf4c9b3e1351f3efe8a32
*** Element info: {Using=xpath, value=//h1[text()='Forgot Your Password']}
at org.openqa.selenium.remote.http.W3CHttpResponseCodec.createException(W3CHttpResponseCodec.java:187)
at org.openqa.selenium.remote.http.W3CHttpResponseCodec.decode(W3CHttpResponseCodec.java:122)
at org.openqa.selenium.remote.http.W3CHttpResponseCodec.decode(W3CHttpResponseCodec.java:49)
at org.openqa.selenium.remote.HttpCommandExecutor.execute(HttpCommandExecutor.java:158)
at org.openqa.selenium.remote.service.DriverCommandExecutor.execute(DriverCommandExecutor.java:83)
at org.openqa.selenium.remote.RemoteWebDriver.execute(RemoteWebDriver.java:552)
at org.openqa.selenium.remote.RemoteWebDriver.findElement(RemoteWebDriver.java:323)
at org.openqa.selenium.remote.RemoteWebDriver.findElementByXPath(RemoteWebDriver.java:428)
at org.openqa.selenium.By$ByXPath.findElement(By.java:353)
at org.openqa.selenium.remote.RemoteWebDriver.findElement(RemoteWebDriver.java:315)
at org.openqa.selenium.support.pagefactory.DefaultElementLocator.findElement(DefaultElementLocator.java:69)
at org.openqa.selenium.support.pagefactory.internal.LocatingElementHandler.invoke(LocatingElementHandler.java:38)
at com.sun.proxy.$Proxy31.getText(Unknown Source)
at com.salesforce.pages.base.BasePage.getTextFromElement(BasePage.java:76)
at com.salesforce.pages.login.LoginPage.getForgotPasswordMsg(LoginPage.java:68)
at com.salesforce.automation.scripts.LoginModule.ForgotPassword_4A(LoginModule.java:65)
at java.base/java.util.ArrayList.forEach(ArrayList.java:1541)
... Removed 31 stack frames]]>
    </failure>
  </testcase> <!-- ForgotPassword_4A -->
  <testcase classname="com.salesforce.automation.scripts.LoginModule" name="ForgotPassword_4B" time="0.001">
    <skipped/>
  </testcase> <!-- ForgotPassword_4B -->
  <testcase classname="com.salesforce.automation.scripts.LoginModule" name="LoginErrorMessage_1" time="0.0">
    <skipped/>
  </testcase> <!-- LoginErrorMessage_1 -->
  <testcase classname="com.salesforce.automation.scripts.LoginModule" name="LoginToSalesForce_2" time="0.001">
    <skipped/>
  </testcase> <!-- LoginToSalesForce_2 -->
  <testcase classname="com.salesforce.automation.scripts.LeadsModule" name="TC20_leadsTab" time="0.116">
    <failure type="java.lang.NullPointerException">
      <![CDATA[java.lang.NullPointerException
at org.openqa.selenium.remote.RemoteWebElement.isDisplayed(RemoteWebElement.java:329)
at org.openqa.selenium.support.pagefactory.internal.LocatingElementHandler.invoke(LocatingElementHandler.java:51)
at com.sun.proxy.$Proxy31.isDisplayed(Unknown Source)
at com.salesforce.pages.base.BasePage.enterText(BasePage.java:52)
at com.salesforce.pages.login.LoginPage.enterUserName(LoginPage.java:32)
at com.salesforce.automation.scripts.LeadsModule.TC20_leadsTab(LeadsModule.java:19)
at java.base/java.util.ArrayList.forEach(ArrayList.java:1541)
... Removed 31 stack frames]]>
    </failure>
  </testcase> <!-- TC20_leadsTab -->
  <testcase classname="com.salesforce.automation.scripts.LeadsModule" name="TC21_leadsSelectView" time="0.001">
    <skipped/>
  </testcase> <!-- TC21_leadsSelectView -->
  <testcase classname="com.salesforce.automation.scripts.LeadsModule" name="TC22_defaultView" time="0.0">
    <skipped/>
  </testcase> <!-- TC22_defaultView -->
  <testcase classname="com.salesforce.automation.scripts.LeadsModule" name="TC23" time="0.001">
    <skipped/>
  </testcase> <!-- TC23 -->
</testsuite> <!-- TestFrame -->
